<?xml version="1.0" encoding="UTF-8"?>
<!-- Generated by org.testng.reporters.JUnitReportReporter -->
<testsuite hostname="DESKTOP-LVRVGNH" failures="0" tests="6" name="com.Test.CoidTrackerTest" time="175.036" errors="2" timestamp="2024-09-12T14:17:43 IST" skipped="0">
  <testcase classname="com.Test.CoidTrackerTest" name="verifyWebPageLoadProperly" time="20.361">
    <system-out>
      <![CDATA[*******************Test Description Covid-001 - Verify the web page loaded properly    **************************************
Open Url
Open Url - Test Passed
Verify the page is loaded with the title of COVID-19 Tracker - India
Verify the page is loaded with the title of COVID-19 Tracker - India - Test Passed
verify the non location specified map is shown in base page
 Map is shown in base page- test Passed
*****************End of Test**************************************************************]]>
    </system-out>
  </testcase> <!-- verifyWebPageLoadProperly -->
  <testcase classname="com.Test.CoidTrackerTest" name="verifythedropDown" time="50.535">
    <system-out>
      <![CDATA[*******************Test Description Covid-002 - Verify the drop down    **************************************
Open Url
Open Url - Test Passed
 Click dropdown
 Dropdown Enlarged - Test Passed
DropDown Box is expanded- Test Passed
Verify the 29 states field available in the drop down box
Verified the 29 states field available in the drop down box - Test Passed with ActualValue - 29
Click each & every field & verify the statiscs is updated for the every field
Text values are - Select a State
Text values are - Andhra Pradesh
Text values are - Arunachal Pradesh
Text values are - Assam
Text values are - Bihar
Text values are - Chhattisgarh
Text values are - Goa
Text values are - Gujarat
Text values are - Haryana
Text values are - Himachal Pradesh
Text values are - Jharkhand
Text values are - Karnataka
Text values are - Kerala
Text values are - Madhya Pradesh
Text values are - Maharashtra
Text values are - Manipur
Text values are - Meghalaya
Text values are - Mizoram
Text values are - Nagaland
Text values are - Odisha
Text values are - Punjab
Text values are - Rajasthan
Text values are - Sikkim
Text values are - Tamil Nadu
Text values are - Telangana
Text values are - Tripura
Text values are - Uttar Pradesh
Text values are - Uttarakhand
Text values are - West Bengal
Clicked each & every field & verified the statiscs is  getting updated for the every field - Test Passed
*****************End of Test**************************************************************]]>
    </system-out>
  </testcase> <!-- verifythedropDown -->
  <testcase classname="com.Test.CoidTrackerTest" name="verifyFooterElements" time="4.591">
    <system-out>
      <![CDATA[*******************Test Description Covid-003 - Verify the footer elements   **************************************
Open Url
Open Url - Test Passed
Scroll to page bottom
Verify footer Elements displayed
 footer Elements displayed -Test Passed
Click lealet 
Navigated to the leaflet page -Test Passed with Title - Leaflet - a JavaScript library for interactive maps
Click Openstreetmap 
Navigated to the Open Street Map -Test Passed with Title - Copyright and License | OpenStreetMap
*****************End of Test**************************************************************]]>
    </system-out>
  </testcase> <!-- verifyFooterElements -->
  <testcase classname="com.Test.CoidTrackerTest" name="verifyPieChart" time="10.170">
    <error message="no such element: Unable to locate element: {&quot;method&quot;:&quot;xpath&quot;,&quot;selector&quot;:&quot;//select[@class=&#039;data-filter-input&#039;]&quot;}
  (Session info: chrome=128.0.6613.120)
For documentation on this error, please visit: https://www.selenium.dev/documentation/webdriver/troubleshooting/errors#no-such-element-exception
Build info: version: &#039;4.24.0&#039;, revision: &#039;748ffc9bc3&#039;
System info: os.name: &#039;Windows 10&#039;, os.arch: &#039;amd64&#039;, os.version: &#039;10.0&#039;, java.version: &#039;22.0.1&#039;
Driver info: org.openqa.selenium.chrome.ChromeDriver
Command: [40b720b7814b37edda6ef77cdaa106a1, findElement {using=xpath, value=//select[@class=&#039;data-filter-input&#039;]}]
Capabilities {acceptInsecureCerts: false, browserName: chrome, browserVersion: 128.0.6613.120, chrome: {chromedriverVersion: 128.0.6613.137 (fe621c5aa2d..., userDataDir: C:\Users\Gokul\AppData\Loca...}, fedcm:accounts: true, goog:chromeOptions: {debuggerAddress: localhost:57655}, networkConnectionEnabled: false, pageLoadStrategy: normal, platformName: windows, proxy: Proxy(), se:cdp: ws://localhost:57655/devtoo..., se:cdpVersion: 128.0.6613.120, setWindowRect: true, strictFileInteractability: false, timeouts: {implicit: 0, pageLoad: 300000, script: 30000}, unhandledPromptBehavior: dismiss and notify, webauthn:extension:credBlob: true, webauthn:extension:largeBlob: true, webauthn:extension:minPinLength: true, webauthn:extension:prf: true, webauthn:virtualAuthenticators: true}
Session ID: 40b720b7814b37edda6ef77cdaa106a1" type="org.openqa.selenium.NoSuchElementException">
      <![CDATA[org.openqa.selenium.NoSuchElementException: no such element: Unable to locate element: {"method":"xpath","selector":"//select[@class='data-filter-input']"}
  (Session info: chrome=128.0.6613.120)
For documentation on this error, please visit: https://www.selenium.dev/documentation/webdriver/troubleshooting/errors#no-such-element-exception
Build info: version: '4.24.0', revision: '748ffc9bc3'
System info: os.name: 'Windows 10', os.arch: 'amd64', os.version: '10.0', java.version: '22.0.1'
Driver info: org.openqa.selenium.chrome.ChromeDriver
Command: [40b720b7814b37edda6ef77cdaa106a1, findElement {using=xpath, value=//select[@class='data-filter-input']}]
Capabilities {acceptInsecureCerts: false, browserName: chrome, browserVersion: 128.0.6613.120, chrome: {chromedriverVersion: 128.0.6613.137 (fe621c5aa2d..., userDataDir: C:\Users\Gokul\AppData\Loca...}, fedcm:accounts: true, goog:chromeOptions: {debuggerAddress: localhost:57655}, networkConnectionEnabled: false, pageLoadStrategy: normal, platformName: windows, proxy: Proxy(), se:cdp: ws://localhost:57655/devtoo..., se:cdpVersion: 128.0.6613.120, setWindowRect: true, strictFileInteractability: false, timeouts: {implicit: 0, pageLoad: 300000, script: 30000}, unhandledPromptBehavior: dismiss and notify, webauthn:extension:credBlob: true, webauthn:extension:largeBlob: true, webauthn:extension:minPinLength: true, webauthn:extension:prf: true, webauthn:virtualAuthenticators: true}
Session ID: 40b720b7814b37edda6ef77cdaa106a1
at java.base/jdk.internal.reflect.DirectConstructorHandleAccessor.newInstance(DirectConstructorHandleAccessor.java:62)
at java.base/java.lang.reflect.Constructor.newInstanceWithCaller(Constructor.java:502)
at java.base/java.lang.reflect.Constructor.newInstance(Constructor.java:486)
at org.openqa.selenium.remote.ErrorCodec.decode(ErrorCodec.java:167)
at org.openqa.selenium.remote.codec.w3c.W3CHttpResponseCodec.decode(W3CHttpResponseCodec.java:138)
at org.openqa.selenium.remote.codec.w3c.W3CHttpResponseCodec.decode(W3CHttpResponseCodec.java:50)
at org.openqa.selenium.remote.HttpCommandExecutor.execute(HttpCommandExecutor.java:190)
at org.openqa.selenium.remote.service.DriverCommandExecutor.invokeExecute(DriverCommandExecutor.java:216)
at org.openqa.selenium.remote.service.DriverCommandExecutor.execute(DriverCommandExecutor.java:174)
at org.openqa.selenium.remote.RemoteWebDriver.execute(RemoteWebDriver.java:545)
at org.openqa.selenium.remote.ElementLocation$ElementFinder$2.findElement(ElementLocation.java:165)
at org.openqa.selenium.remote.ElementLocation.findElement(ElementLocation.java:59)
at org.openqa.selenium.remote.RemoteWebDriver.findElement(RemoteWebDriver.java:368)
at org.openqa.selenium.remote.RemoteWebDriver.findElement(RemoteWebDriver.java:362)
at org.openqa.selenium.support.pagefactory.DefaultElementLocator.findElement(DefaultElementLocator.java:68)
at org.openqa.selenium.support.pagefactory.internal.LocatingElementHandler.invoke(LocatingElementHandler.java:38)
at jdk.proxy2/jdk.proxy2.$Proxy12.getTagName(Unknown Source)
at org.openqa.selenium.support.ui.Select.<init>(Select.java:43)
at com.pages.BasePage.selectTagByIndex(BasePage.java:85)
at com.pages.CovidTrackerPage.clickRandomDropDownvalues(CovidTrackerPage.java:311)
at com.Test.CoidTrackerTest.verifyPieChart(CoidTrackerTest.java:118)
at java.base/jdk.internal.reflect.DirectMethodHandleAccessor.invoke(DirectMethodHandleAccessor.java:103)
at java.base/java.lang.reflect.Method.invoke(Method.java:580)
at org.testng.internal.invokers.MethodInvocationHelper.invokeMethod(MethodInvocationHelper.java:141)
at org.testng.internal.invokers.TestInvoker.invokeMethod(TestInvoker.java:686)
at org.testng.internal.invokers.TestInvoker.invokeTestMethod(TestInvoker.java:230)
at org.testng.internal.invokers.MethodRunner.runInSequence(MethodRunner.java:63)
at org.testng.internal.invokers.TestInvoker$MethodInvocationAgent.invoke(TestInvoker.java:992)
at org.testng.internal.invokers.TestInvoker.invokeTestMethods(TestInvoker.java:203)
at org.testng.internal.invokers.TestMethodWorker.invokeTestMethods(TestMethodWorker.java:154)
at org.testng.internal.invokers.TestMethodWorker.run(TestMethodWorker.java:134)
at java.base/java.util.ArrayList.forEach(ArrayList.java:1597)
at org.testng.TestRunner.privateRun(TestRunner.java:739)
at org.testng.TestRunner.run(TestRunner.java:614)
at org.testng.SuiteRunner.runTest(SuiteRunner.java:421)
at org.testng.SuiteRunner.runSequentially(SuiteRunner.java:413)
at org.testng.SuiteRunner.privateRun(SuiteRunner.java:373)
at org.testng.SuiteRunner.run(SuiteRunner.java:312)
at org.testng.SuiteRunnerWorker.runSuite(SuiteRunnerWorker.java:52)
at org.testng.SuiteRunnerWorker.run(SuiteRunnerWorker.java:95)
at org.testng.TestNG.runSuitesSequentially(TestNG.java:1274)
at org.testng.TestNG.runSuitesLocally(TestNG.java:1208)
at org.testng.TestNG.runSuites(TestNG.java:1112)
at org.testng.TestNG.run(TestNG.java:1079)
at org.testng.remote.AbstractRemoteTestNG.run(AbstractRemoteTestNG.java:115)
at org.testng.remote.RemoteTestNG.initAndRun(RemoteTestNG.java:293)
at org.testng.remote.RemoteTestNG.main(RemoteTestNG.java:91)
]]>
    </error>
    <system-out>
      <![CDATA[*******************Test Description Covid-006 -Verify the Pie chart   **************************************
Open Url
Open Url - Test Passed
Click random state  ]]>
    </system-out>
  </testcase> <!-- verifyPieChart -->
  <testcase classname="com.Test.CoidTrackerTest" name="verifyZoomoutandZoomIn" time="10.077">
    <error message="no such element: Unable to locate element: {&quot;method&quot;:&quot;xpath&quot;,&quot;selector&quot;:&quot;//select[@class=&#039;data-filter-input&#039;]&quot;}
  (Session info: chrome=128.0.6613.120)
For documentation on this error, please visit: https://www.selenium.dev/documentation/webdriver/troubleshooting/errors#no-such-element-exception
Build info: version: &#039;4.24.0&#039;, revision: &#039;748ffc9bc3&#039;
System info: os.name: &#039;Windows 10&#039;, os.arch: &#039;amd64&#039;, os.version: &#039;10.0&#039;, java.version: &#039;22.0.1&#039;
Driver info: org.openqa.selenium.chrome.ChromeDriver
Command: [40b720b7814b37edda6ef77cdaa106a1, findElement {using=xpath, value=//select[@class=&#039;data-filter-input&#039;]}]
Capabilities {acceptInsecureCerts: false, browserName: chrome, browserVersion: 128.0.6613.120, chrome: {chromedriverVersion: 128.0.6613.137 (fe621c5aa2d..., userDataDir: C:\Users\Gokul\AppData\Loca...}, fedcm:accounts: true, goog:chromeOptions: {debuggerAddress: localhost:57655}, networkConnectionEnabled: false, pageLoadStrategy: normal, platformName: windows, proxy: Proxy(), se:cdp: ws://localhost:57655/devtoo..., se:cdpVersion: 128.0.6613.120, setWindowRect: true, strictFileInteractability: false, timeouts: {implicit: 0, pageLoad: 300000, script: 30000}, unhandledPromptBehavior: dismiss and notify, webauthn:extension:credBlob: true, webauthn:extension:largeBlob: true, webauthn:extension:minPinLength: true, webauthn:extension:prf: true, webauthn:virtualAuthenticators: true}
Session ID: 40b720b7814b37edda6ef77cdaa106a1" type="org.openqa.selenium.NoSuchElementException">
      <![CDATA[org.openqa.selenium.NoSuchElementException: no such element: Unable to locate element: {"method":"xpath","selector":"//select[@class='data-filter-input']"}
  (Session info: chrome=128.0.6613.120)
For documentation on this error, please visit: https://www.selenium.dev/documentation/webdriver/troubleshooting/errors#no-such-element-exception
Build info: version: '4.24.0', revision: '748ffc9bc3'
System info: os.name: 'Windows 10', os.arch: 'amd64', os.version: '10.0', java.version: '22.0.1'
Driver info: org.openqa.selenium.chrome.ChromeDriver
Command: [40b720b7814b37edda6ef77cdaa106a1, findElement {using=xpath, value=//select[@class='data-filter-input']}]
Capabilities {acceptInsecureCerts: false, browserName: chrome, browserVersion: 128.0.6613.120, chrome: {chromedriverVersion: 128.0.6613.137 (fe621c5aa2d..., userDataDir: C:\Users\Gokul\AppData\Loca...}, fedcm:accounts: true, goog:chromeOptions: {debuggerAddress: localhost:57655}, networkConnectionEnabled: false, pageLoadStrategy: normal, platformName: windows, proxy: Proxy(), se:cdp: ws://localhost:57655/devtoo..., se:cdpVersion: 128.0.6613.120, setWindowRect: true, strictFileInteractability: false, timeouts: {implicit: 0, pageLoad: 300000, script: 30000}, unhandledPromptBehavior: dismiss and notify, webauthn:extension:credBlob: true, webauthn:extension:largeBlob: true, webauthn:extension:minPinLength: true, webauthn:extension:prf: true, webauthn:virtualAuthenticators: true}
Session ID: 40b720b7814b37edda6ef77cdaa106a1
at java.base/jdk.internal.reflect.DirectConstructorHandleAccessor.newInstance(DirectConstructorHandleAccessor.java:62)
at java.base/java.lang.reflect.Constructor.newInstanceWithCaller(Constructor.java:502)
at java.base/java.lang.reflect.Constructor.newInstance(Constructor.java:486)
at org.openqa.selenium.remote.ErrorCodec.decode(ErrorCodec.java:167)
at org.openqa.selenium.remote.codec.w3c.W3CHttpResponseCodec.decode(W3CHttpResponseCodec.java:138)
at org.openqa.selenium.remote.codec.w3c.W3CHttpResponseCodec.decode(W3CHttpResponseCodec.java:50)
at org.openqa.selenium.remote.HttpCommandExecutor.execute(HttpCommandExecutor.java:190)
at org.openqa.selenium.remote.service.DriverCommandExecutor.invokeExecute(DriverCommandExecutor.java:216)
at org.openqa.selenium.remote.service.DriverCommandExecutor.execute(DriverCommandExecutor.java:174)
at org.openqa.selenium.remote.RemoteWebDriver.execute(RemoteWebDriver.java:545)
at org.openqa.selenium.remote.ElementLocation$ElementFinder$2.findElement(ElementLocation.java:165)
at org.openqa.selenium.remote.ElementLocation.findElement(ElementLocation.java:59)
at org.openqa.selenium.remote.RemoteWebDriver.findElement(RemoteWebDriver.java:368)
at org.openqa.selenium.remote.RemoteWebDriver.findElement(RemoteWebDriver.java:362)
at org.openqa.selenium.support.pagefactory.DefaultElementLocator.findElement(DefaultElementLocator.java:68)
at org.openqa.selenium.support.pagefactory.internal.LocatingElementHandler.invoke(LocatingElementHandler.java:38)
at jdk.proxy2/jdk.proxy2.$Proxy12.getTagName(Unknown Source)
at org.openqa.selenium.support.ui.Select.<init>(Select.java:43)
at com.pages.BasePage.selectTagByIndex(BasePage.java:85)
at com.pages.CovidTrackerPage.clickRandomDropDownvalues(CovidTrackerPage.java:311)
at com.Test.CoidTrackerTest.verifyZoomoutandZoomIn(CoidTrackerTest.java:146)
at java.base/jdk.internal.reflect.DirectMethodHandleAccessor.invoke(DirectMethodHandleAccessor.java:103)
at java.base/java.lang.reflect.Method.invoke(Method.java:580)
at org.testng.internal.invokers.MethodInvocationHelper.invokeMethod(MethodInvocationHelper.java:141)
at org.testng.internal.invokers.TestInvoker.invokeMethod(TestInvoker.java:686)
at org.testng.internal.invokers.TestInvoker.invokeTestMethod(TestInvoker.java:230)
at org.testng.internal.invokers.MethodRunner.runInSequence(MethodRunner.java:63)
at org.testng.internal.invokers.TestInvoker$MethodInvocationAgent.invoke(TestInvoker.java:992)
at org.testng.internal.invokers.TestInvoker.invokeTestMethods(TestInvoker.java:203)
at org.testng.internal.invokers.TestMethodWorker.invokeTestMethods(TestMethodWorker.java:154)
at org.testng.internal.invokers.TestMethodWorker.run(TestMethodWorker.java:134)
at java.base/java.util.ArrayList.forEach(ArrayList.java:1597)
at org.testng.TestRunner.privateRun(TestRunner.java:739)
at org.testng.TestRunner.run(TestRunner.java:614)
at org.testng.SuiteRunner.runTest(SuiteRunner.java:421)
at org.testng.SuiteRunner.runSequentially(SuiteRunner.java:413)
at org.testng.SuiteRunner.privateRun(SuiteRunner.java:373)
at org.testng.SuiteRunner.run(SuiteRunner.java:312)
at org.testng.SuiteRunnerWorker.runSuite(SuiteRunnerWorker.java:52)
at org.testng.SuiteRunnerWorker.run(SuiteRunnerWorker.java:95)
at org.testng.TestNG.runSuitesSequentially(TestNG.java:1274)
at org.testng.TestNG.runSuitesLocally(TestNG.java:1208)
at org.testng.TestNG.runSuites(TestNG.java:1112)
at org.testng.TestNG.run(TestNG.java:1079)
at org.testng.remote.AbstractRemoteTestNG.run(AbstractRemoteTestNG.java:115)
at org.testng.remote.RemoteTestNG.initAndRun(RemoteTestNG.java:293)
at org.testng.remote.RemoteTestNG.main(RemoteTestNG.java:91)
]]>
    </error>
    <system-out>
      <![CDATA[*******************Test Description Covid-007 - Verify  Zoom out and Zoom In Functions  in map  **************************************
Open Url
Open Url - Test Passed
Click random state  ]]>
    </system-out>
  </testcase> <!-- verifyZoomoutandZoomIn -->
  <testcase classname="com.Test.CoidTrackerTest" name="VerifyAllpagelinks" time="79.302">
    <system-out>
      <![CDATA[*******************Test Description Covid-009 - Verify  All page links   **************************************
Open Url
Open Url - Test Passed
verfifing And iterating all links
https://www.vorarlberg.at/vorarlberg/bauen_wohnen/bauen/vermessung_geoinformation/weitereinformationen/services/wmsdienste.htm - Moved Permanently - is a broken link
https://www.tirol.gv.at/applikationen/e-government/data/nutzungsbedingungen/ - Not Found - is a broken link
https://geosrbija.rs/ - is a broken link
https://ngi.dalrrd.gov.za/ - is a broken link
*****************End of Test**************************************************************]]>
    </system-out>
  </testcase> <!-- VerifyAllpagelinks -->
  <system-out>
    <![CDATA[*******************Test Description Covid-001 - Verify the web page loaded properly    **************************************
Open Url
Open Url - Test Passed
Verify the page is loaded with the title of COVID-19 Tracker - India
Verify the page is loaded with the title of COVID-19 Tracker - India - Test Passed
verify the non location specified map is shown in base page
 Map is shown in base page- test Passed
*****************End of Test**************************************************************
*******************Test Description Covid-002 - Verify the drop down    **************************************
Open Url
Open Url - Test Passed
 Click dropdown
 Dropdown Enlarged - Test Passed
DropDown Box is expanded- Test Passed
Verify the 29 states field available in the drop down box
Verified the 29 states field available in the drop down box - Test Passed with ActualValue - 29
Click each & every field & verify the statiscs is updated for the every field
Text values are - Select a State
Text values are - Andhra Pradesh
Text values are - Arunachal Pradesh
Text values are - Assam
Text values are - Bihar
Text values are - Chhattisgarh
Text values are - Goa
Text values are - Gujarat
Text values are - Haryana
Text values are - Himachal Pradesh
Text values are - Jharkhand
Text values are - Karnataka
Text values are - Kerala
Text values are - Madhya Pradesh
Text values are - Maharashtra
Text values are - Manipur
Text values are - Meghalaya
Text values are - Mizoram
Text values are - Nagaland
Text values are - Odisha
Text values are - Punjab
Text values are - Rajasthan
Text values are - Sikkim
Text values are - Tamil Nadu
Text values are - Telangana
Text values are - Tripura
Text values are - Uttar Pradesh
Text values are - Uttarakhand
Text values are - West Bengal
Clicked each & every field & verified the statiscs is  getting updated for the every field - Test Passed
*****************End of Test**************************************************************
*******************Test Description Covid-003 - Verify the footer elements   **************************************
Open Url
Open Url - Test Passed
Scroll to page bottom
Verify footer Elements displayed
 footer Elements displayed -Test Passed
Click lealet 
Navigated to the leaflet page -Test Passed with Title - Leaflet - a JavaScript library for interactive maps
Click Openstreetmap 
Navigated to the Open Street Map -Test Passed with Title - Copyright and License | OpenStreetMap
*****************End of Test**************************************************************
*******************Test Description Covid-006 -Verify the Pie chart   **************************************
Open Url
Open Url - Test Passed
Click random state  
*******************Test Description Covid-007 - Verify  Zoom out and Zoom In Functions  in map  **************************************
Open Url
Open Url - Test Passed
Click random state  
*******************Test Description Covid-009 - Verify  All page links   **************************************
Open Url
Open Url - Test Passed
verfifing And iterating all links
https://www.vorarlberg.at/vorarlberg/bauen_wohnen/bauen/vermessung_geoinformation/weitereinformationen/services/wmsdienste.htm - Moved Permanently - is a broken link
https://www.tirol.gv.at/applikationen/e-government/data/nutzungsbedingungen/ - Not Found - is a broken link
https://geosrbija.rs/ - is a broken link
https://ngi.dalrrd.gov.za/ - is a broken link
*****************End of Test**************************************************************]]>
  </system-out>
</testsuite> <!-- com.Test.CoidTrackerTest -->
